mode: set
github.com/ims-erp/system/internal/domain/client.go:19.38,20.11 1 1
github.com/ims-erp/system/internal/domain/client.go:21.91,22.14 1 1
github.com/ims-erp/system/internal/domain/client.go:24.2,24.14 1 1
github.com/ims-erp/system/internal/domain/client.go:35.33,37.2 1 1
github.com/ims-erp/system/internal/domain/client.go:58.64,78.2 2 1
github.com/ims-erp/system/internal/domain/client.go:80.52,85.2 4 1
github.com/ims-erp/system/internal/domain/client.go:87.53,90.2 2 1
github.com/ims-erp/system/internal/domain/client.go:92.54,95.2 2 1
github.com/ims-erp/system/internal/domain/client.go:97.51,98.52 1 1
github.com/ims-erp/system/internal/domain/client.go:98.52,101.3 2 1
github.com/ims-erp/system/internal/domain/client.go:104.56,107.2 2 1
github.com/ims-erp/system/internal/domain/client.go:109.56,112.2 2 1
github.com/ims-erp/system/internal/domain/client.go:114.52,116.2 1 1
github.com/ims-erp/system/internal/domain/client.go:118.63,120.2 1 1
github.com/ims-erp/system/internal/domain/client.go:122.37,123.27 1 1
github.com/ims-erp/system/internal/domain/client.go:123.27,124.15 1 1
github.com/ims-erp/system/internal/domain/client.go:124.15,126.4 1 1
github.com/ims-erp/system/internal/domain/client.go:128.2,129.32 2 1
github.com/ims-erp/system/internal/domain/client.go:132.40,133.27 1 1
github.com/ims-erp/system/internal/domain/client.go:133.27,134.15 1 1
github.com/ims-erp/system/internal/domain/client.go:134.15,138.4 3 1
github.com/ims-erp/system/internal/domain/client.go:142.64,143.27 1 1
github.com/ims-erp/system/internal/domain/client.go:143.27,145.3 1 0
github.com/ims-erp/system/internal/domain/client.go:146.2,147.32 2 1
github.com/ims-erp/system/internal/domain/client.go:150.65,153.2 2 1
github.com/ims-erp/system/internal/domain/client.go:155.31,158.2 2 1
github.com/ims-erp/system/internal/domain/client.go:160.28,163.2 2 1
github.com/ims-erp/system/internal/domain/client.go:165.31,168.2 2 1
github.com/ims-erp/system/internal/domain/client.go:170.44,171.43 1 1
github.com/ims-erp/system/internal/domain/client.go:171.43,173.3 1 1
github.com/ims-erp/system/internal/domain/client.go:174.2,174.29 1 1
github.com/ims-erp/system/internal/domain/client.go:174.29,176.3 1 1
github.com/ims-erp/system/internal/domain/client.go:177.2,177.35 1 1
github.com/ims-erp/system/internal/domain/client.go:177.35,179.3 1 1
github.com/ims-erp/system/internal/domain/client.go:180.2,180.37 1 1
github.com/ims-erp/system/internal/domain/client.go:183.43,185.2 1 1
github.com/ims-erp/system/internal/domain/client.go:187.54,188.28 1 1
github.com/ims-erp/system/internal/domain/client.go:188.28,190.3 1 0
github.com/ims-erp/system/internal/domain/client.go:191.2,191.73 1 1
github.com/ims-erp/system/internal/domain/client.go:202.98,210.2 1 1
github.com/ims-erp/system/internal/domain/document.go:76.35,82.2 1 1
github.com/ims-erp/system/internal/domain/document.go:84.38,85.11 1 1
github.com/ims-erp/system/internal/domain/document.go:87.49,88.14 1 1
github.com/ims-erp/system/internal/domain/document.go:90.2,90.14 1 1
github.com/ims-erp/system/internal/domain/document.go:93.42,94.11 1 1
github.com/ims-erp/system/internal/domain/document.go:96.53,97.14 1 1
github.com/ims-erp/system/internal/domain/document.go:99.2,99.14 1 1
github.com/ims-erp/system/internal/domain/document.go:108.40,109.18 1 1
github.com/ims-erp/system/internal/domain/document.go:109.18,111.3 1 1
github.com/ims-erp/system/internal/domain/document.go:112.2,112.18 1 1
github.com/ims-erp/system/internal/domain/document.go:115.40,117.2 1 1
github.com/ims-erp/system/internal/domain/document.go:119.47,122.2 2 1
github.com/ims-erp/system/internal/domain/inventory.go:54.39,55.11 1 1
github.com/ims-erp/system/internal/domain/inventory.go:57.79,58.14 1 1
github.com/ims-erp/system/internal/domain/inventory.go:60.2,60.14 1 1
github.com/ims-erp/system/internal/domain/inventory.go:72.41,73.11 1 1
github.com/ims-erp/system/internal/domain/inventory.go:74.101,75.14 1 1
github.com/ims-erp/system/internal/domain/inventory.go:77.2,77.14 1 1
github.com/ims-erp/system/internal/domain/inventory.go:89.40,90.11 1 1
github.com/ims-erp/system/internal/domain/inventory.go:91.103,92.14 1 1
github.com/ims-erp/system/internal/domain/inventory.go:94.2,94.14 1 1
github.com/ims-erp/system/internal/domain/inventory.go:109.39,110.11 1 1
github.com/ims-erp/system/internal/domain/inventory.go:112.75,113.14 1 1
github.com/ims-erp/system/internal/domain/inventory.go:115.2,115.14 1 1
github.com/ims-erp/system/internal/domain/inventory.go:250.18,271.2 3 1
github.com/ims-erp/system/internal/domain/inventory.go:273.53,274.31 1 1
github.com/ims-erp/system/internal/domain/inventory.go:274.31,276.3 1 1
github.com/ims-erp/system/internal/domain/inventory.go:277.2,280.12 4 1
github.com/ims-erp/system/internal/domain/inventory.go:283.58,287.2 3 1
github.com/ims-erp/system/internal/domain/inventory.go:289.54,290.31 1 1
github.com/ims-erp/system/internal/domain/inventory.go:290.31,292.3 1 1
github.com/ims-erp/system/internal/domain/inventory.go:293.2,296.12 4 1
github.com/ims-erp/system/internal/domain/inventory.go:299.50,303.2 3 1
github.com/ims-erp/system/internal/domain/inventory.go:305.73,312.2 6 1
github.com/ims-erp/system/internal/domain/inventory.go:314.50,315.27 1 1
github.com/ims-erp/system/internal/domain/inventory.go:315.27,317.3 1 1
github.com/ims-erp/system/internal/domain/inventory.go:318.2,322.12 5 1
github.com/ims-erp/system/internal/domain/inventory.go:325.63,331.2 5 1
github.com/ims-erp/system/internal/domain/inventory.go:333.47,340.2 6 1
github.com/ims-erp/system/internal/domain/inventory.go:346.14,359.2 2 1
github.com/ims-erp/system/internal/domain/inventory.go:361.46,364.2 2 1
github.com/ims-erp/system/internal/domain/inventory.go:366.34,369.2 2 1
github.com/ims-erp/system/internal/domain/inventory.go:371.32,374.2 2 1
github.com/ims-erp/system/internal/domain/inventory.go:380.21,395.2 2 1
github.com/ims-erp/system/internal/domain/inventory.go:397.37,401.2 3 1
github.com/ims-erp/system/internal/domain/inventory.go:403.38,407.2 3 1
github.com/ims-erp/system/internal/domain/inventory.go:409.38,411.2 1 1
github.com/ims-erp/system/internal/domain/inventory.go:417.25,428.2 1 1
github.com/ims-erp/system/internal/domain/inventory.go:430.78,433.2 2 1
github.com/ims-erp/system/internal/domain/inventory.go:435.68,438.2 2 1
github.com/ims-erp/system/internal/domain/inventory.go:440.63,443.2 2 1
github.com/ims-erp/system/internal/domain/inventory.go:460.41,462.2 1 1
github.com/ims-erp/system/internal/domain/inventory.go:464.48,467.2 2 1
github.com/ims-erp/system/internal/domain/inventory.go:474.41,476.2 1 1
github.com/ims-erp/system/internal/domain/inventory.go:478.48,481.2 2 1
github.com/ims-erp/system/internal/domain/inventory.go:539.32,540.23 1 1
github.com/ims-erp/system/internal/domain/inventory.go:540.23,542.3 1 1
github.com/ims-erp/system/internal/domain/inventory.go:544.2,558.8 2 1
github.com/ims-erp/system/internal/domain/inventory.go:561.58,564.2 2 1
github.com/ims-erp/system/internal/domain/inventory.go:566.57,569.2 2 1
github.com/ims-erp/system/internal/domain/inventory.go:571.38,576.2 4 1
github.com/ims-erp/system/internal/domain/inventory.go:578.81,579.25 1 1
github.com/ims-erp/system/internal/domain/inventory.go:579.25,580.30 1 1
github.com/ims-erp/system/internal/domain/inventory.go:580.30,582.54 2 1
github.com/ims-erp/system/internal/domain/inventory.go:582.54,584.5 1 1
github.com/ims-erp/system/internal/domain/inventory.go:584.10,586.5 1 1
github.com/ims-erp/system/internal/domain/inventory.go:587.4,588.14 2 1
github.com/ims-erp/system/internal/domain/inventory.go:591.2,591.33 1 0
github.com/ims-erp/system/internal/domain/inventory.go:594.48,595.31 1 1
github.com/ims-erp/system/internal/domain/inventory.go:595.31,596.33 1 1
github.com/ims-erp/system/internal/domain/inventory.go:596.33,598.4 1 0
github.com/ims-erp/system/internal/domain/inventory.go:600.2,600.13 1 1
github.com/ims-erp/system/internal/domain/inventory.go:603.41,608.2 4 1
github.com/ims-erp/system/internal/domain/inventory.go:610.52,614.2 3 1
github.com/ims-erp/system/internal/domain/inventory.go:616.56,617.18 1 1
github.com/ims-erp/system/internal/domain/inventory.go:617.18,619.3 1 1
github.com/ims-erp/system/internal/domain/inventory.go:619.8,619.26 1 1
github.com/ims-erp/system/internal/domain/inventory.go:619.26,621.3 1 1
github.com/ims-erp/system/internal/domain/inventory.go:622.2,623.32 2 1
github.com/ims-erp/system/internal/domain/invoice.go:92.21,119.2 4 1
github.com/ims-erp/system/internal/domain/invoice.go:121.45,127.2 5 1
github.com/ims-erp/system/internal/domain/invoice.go:129.48,131.31 2 1
github.com/ims-erp/system/internal/domain/invoice.go:131.31,132.24 1 1
github.com/ims-erp/system/internal/domain/invoice.go:132.24,134.4 1 0
github.com/ims-erp/system/internal/domain/invoice.go:136.2,137.17 2 1
github.com/ims-erp/system/internal/domain/invoice.go:140.75,141.33 1 0
github.com/ims-erp/system/internal/domain/invoice.go:141.33,142.24 1 0
github.com/ims-erp/system/internal/domain/invoice.go:142.24,144.9 2 0
github.com/ims-erp/system/internal/domain/invoice.go:147.2,147.17 1 0
github.com/ims-erp/system/internal/domain/invoice.go:150.33,155.31 4 1
github.com/ims-erp/system/internal/domain/invoice.go:155.31,159.3 3 1
github.com/ims-erp/system/internal/domain/invoice.go:161.2,166.32 6 1
github.com/ims-erp/system/internal/domain/invoice.go:169.49,172.2 2 1
github.com/ims-erp/system/internal/domain/invoice.go:174.51,177.2 2 1
github.com/ims-erp/system/internal/domain/invoice.go:179.42,182.2 2 1
github.com/ims-erp/system/internal/domain/invoice.go:184.42,187.2 2 1
github.com/ims-erp/system/internal/domain/invoice.go:189.26,190.72 1 1
github.com/ims-erp/system/internal/domain/invoice.go:190.72,195.3 4 1
github.com/ims-erp/system/internal/domain/invoice.go:198.32,200.2 1 1
github.com/ims-erp/system/internal/domain/invoice.go:202.51,205.2 2 1
github.com/ims-erp/system/internal/domain/invoice.go:207.54,211.47 3 1
github.com/ims-erp/system/internal/domain/invoice.go:211.47,215.3 3 1
github.com/ims-erp/system/internal/domain/invoice.go:216.2,216.32 1 1
github.com/ims-erp/system/internal/domain/invoice.go:219.62,220.37 1 1
github.com/ims-erp/system/internal/domain/invoice.go:220.37,222.3 1 1
github.com/ims-erp/system/internal/domain/invoice.go:223.2,224.12 2 1
github.com/ims-erp/system/internal/domain/invoice.go:227.41,231.2 3 1
github.com/ims-erp/system/internal/domain/invoice.go:233.28,234.35 1 1
github.com/ims-erp/system/internal/domain/invoice.go:234.35,237.3 2 1
github.com/ims-erp/system/internal/domain/invoice.go:240.48,242.23 2 1
github.com/ims-erp/system/internal/domain/invoice.go:243.31,244.11 1 0
github.com/ims-erp/system/internal/domain/invoice.go:245.24,246.12 1 0
github.com/ims-erp/system/internal/domain/invoice.go:247.24,248.12 1 1
github.com/ims-erp/system/internal/domain/invoice.go:249.24,250.12 1 0
github.com/ims-erp/system/internal/domain/invoice.go:251.24,252.12 1 0
github.com/ims-erp/system/internal/domain/invoice.go:253.29,254.33 1 0
github.com/ims-erp/system/internal/domain/invoice.go:255.10,256.12 1 0
github.com/ims-erp/system/internal/domain/invoice.go:258.2,258.40 1 1
github.com/ims-erp/system/internal/domain/invoice.go:261.40,264.2 2 0
github.com/ims-erp/system/internal/domain/invoice.go:266.36,267.22 1 1
github.com/ims-erp/system/internal/domain/invoice.go:267.22,269.3 1 0
github.com/ims-erp/system/internal/domain/invoice.go:270.2,270.76 1 1
github.com/ims-erp/system/internal/domain/invoice.go:273.40,274.22 1 1
github.com/ims-erp/system/internal/domain/invoice.go:274.22,276.3 1 1
github.com/ims-erp/system/internal/domain/invoice.go:277.2,277.20 1 0
github.com/ims-erp/system/internal/domain/invoice.go:277.20,279.3 1 0
github.com/ims-erp/system/internal/domain/invoice.go:280.2,280.59 1 0
github.com/ims-erp/system/internal/domain/invoice.go:283.56,284.22 1 1
github.com/ims-erp/system/internal/domain/invoice.go:284.22,286.3 1 1
github.com/ims-erp/system/internal/domain/invoice.go:287.2,287.63 1 1
github.com/ims-erp/system/internal/domain/order.go:208.19,245.2 4 0
github.com/ims-erp/system/internal/domain/order.go:247.41,254.2 6 0
github.com/ims-erp/system/internal/domain/order.go:256.46,258.31 2 0
github.com/ims-erp/system/internal/domain/order.go:258.31,259.24 1 0
github.com/ims-erp/system/internal/domain/order.go:259.24,261.4 1 0
github.com/ims-erp/system/internal/domain/order.go:263.2,264.17 2 0
github.com/ims-erp/system/internal/domain/order.go:267.31,269.31 2 0
github.com/ims-erp/system/internal/domain/order.go:269.31,271.3 1 0
github.com/ims-erp/system/internal/domain/order.go:273.2,276.32 4 0
github.com/ims-erp/system/internal/domain/order.go:279.50,282.2 2 0
github.com/ims-erp/system/internal/domain/order.go:284.51,287.2 2 0
github.com/ims-erp/system/internal/domain/order.go:289.82,294.2 4 0
github.com/ims-erp/system/internal/domain/order.go:296.27,297.68 1 0
github.com/ims-erp/system/internal/domain/order.go:297.68,302.3 4 0
github.com/ims-erp/system/internal/domain/order.go:305.27,306.38 1 0
github.com/ims-erp/system/internal/domain/order.go:306.38,309.3 2 0
github.com/ims-erp/system/internal/domain/order.go:312.54,320.2 7 0
github.com/ims-erp/system/internal/domain/order.go:322.27,327.2 4 0
github.com/ims-erp/system/internal/domain/order.go:329.28,330.72 1 0
github.com/ims-erp/system/internal/domain/order.go:330.72,333.3 2 0
github.com/ims-erp/system/internal/domain/order.go:336.39,340.2 3 0
github.com/ims-erp/system/internal/domain/order.go:342.50,348.46 5 0
github.com/ims-erp/system/internal/domain/order.go:348.46,350.3 1 0
github.com/ims-erp/system/internal/domain/order.go:350.8,350.51 1 0
github.com/ims-erp/system/internal/domain/order.go:350.51,352.3 1 0
github.com/ims-erp/system/internal/domain/order.go:355.47,360.30 4 0
github.com/ims-erp/system/internal/domain/order.go:360.30,362.3 1 0
github.com/ims-erp/system/internal/domain/order.go:364.2,364.47 1 0
github.com/ims-erp/system/internal/domain/order.go:364.47,367.3 2 0
github.com/ims-erp/system/internal/domain/order.go:367.8,369.3 1 0
github.com/ims-erp/system/internal/domain/order.go:370.2,370.32 1 0
github.com/ims-erp/system/internal/domain/order.go:373.55,378.2 4 0
github.com/ims-erp/system/internal/domain/order.go:380.38,385.2 4 0
github.com/ims-erp/system/internal/domain/order.go:387.50,389.31 2 0
github.com/ims-erp/system/internal/domain/order.go:389.31,391.3 1 0
github.com/ims-erp/system/internal/domain/order.go:392.2,392.14 1 0
github.com/ims-erp/system/internal/domain/order.go:395.36,397.31 2 0
github.com/ims-erp/system/internal/domain/order.go:397.31,399.3 1 0
github.com/ims-erp/system/internal/domain/order.go:400.2,400.14 1 0
github.com/ims-erp/system/internal/domain/order.go:403.36,405.2 1 0
github.com/ims-erp/system/internal/domain/order.go:407.41,410.31 3 0
github.com/ims-erp/system/internal/domain/order.go:410.31,413.3 2 0
github.com/ims-erp/system/internal/domain/order.go:414.2,414.49 1 0
github.com/ims-erp/system/internal/domain/order.go:417.41,419.2 1 0
github.com/ims-erp/system/internal/domain/order.go:431.37,433.2 1 0
github.com/ims-erp/system/internal/domain/payment.go:149.130,163.2 2 1
github.com/ims-erp/system/internal/domain/payment.go:165.70,170.2 4 1
github.com/ims-erp/system/internal/domain/payment.go:172.58,176.2 3 1
github.com/ims-erp/system/internal/domain/payment.go:178.68,183.2 4 1
github.com/ims-erp/system/internal/domain/payment.go:185.36,188.2 2 1
github.com/ims-erp/system/internal/domain/payment.go:190.50,193.2 2 1
github.com/ims-erp/system/internal/domain/payment.go:195.59,198.2 2 1
github.com/ims-erp/system/internal/domain/payment.go:200.72,206.2 1 1
github.com/ims-erp/system/internal/domain/payment.go:208.104,214.2 1 1
github.com/ims-erp/system/internal/domain/payment.go:216.101,222.2 1 1
github.com/ims-erp/system/internal/domain/payment.go:224.104,229.2 1 1
github.com/ims-erp/system/internal/domain/payment.go:231.79,237.2 1 1
github.com/ims-erp/system/internal/domain/payment.go:239.104,245.2 1 1
github.com/ims-erp/system/internal/domain/payment.go:247.101,253.2 1 1
github.com/ims-erp/system/internal/domain/payment.go:255.104,260.2 1 0
github.com/ims-erp/system/internal/domain/payment.go:266.48,270.2 1 1
github.com/ims-erp/system/internal/domain/payment.go:272.84,274.2 1 1
github.com/ims-erp/system/internal/domain/payment.go:276.101,278.9 2 1
github.com/ims-erp/system/internal/domain/payment.go:278.9,280.3 1 1
github.com/ims-erp/system/internal/domain/payment.go:281.2,281.30 1 1
github.com/ims-erp/system/internal/domain/payment.go:288.49,290.2 1 1
github.com/ims-erp/system/internal/domain/payment.go:302.39,304.2 1 1
github.com/ims-erp/system/internal/domain/product.go:148.21,181.2 4 1
github.com/ims-erp/system/internal/domain/product.go:183.40,186.2 2 1
github.com/ims-erp/system/internal/domain/product.go:188.54,191.2 2 1
github.com/ims-erp/system/internal/domain/product.go:193.79,198.25 5 1
github.com/ims-erp/system/internal/domain/product.go:198.25,200.3 1 1
github.com/ims-erp/system/internal/domain/product.go:201.2,201.32 1 1
github.com/ims-erp/system/internal/domain/product.go:204.83,210.2 5 1
github.com/ims-erp/system/internal/domain/product.go:212.66,216.2 3 1
github.com/ims-erp/system/internal/domain/product.go:218.52,219.46 1 1
github.com/ims-erp/system/internal/domain/product.go:219.46,221.3 1 1
github.com/ims-erp/system/internal/domain/product.go:222.2,225.12 4 1
github.com/ims-erp/system/internal/domain/product.go:228.52,232.2 3 1
github.com/ims-erp/system/internal/domain/product.go:234.51,239.2 4 1
github.com/ims-erp/system/internal/domain/product.go:241.30,242.73 1 1
github.com/ims-erp/system/internal/domain/product.go:242.73,245.3 2 1
github.com/ims-erp/system/internal/domain/product.go:248.32,249.37 1 1
github.com/ims-erp/system/internal/domain/product.go:249.37,252.3 2 1
github.com/ims-erp/system/internal/domain/product.go:255.33,258.2 2 1
github.com/ims-erp/system/internal/domain/product.go:260.48,265.2 4 1
github.com/ims-erp/system/internal/domain/product.go:267.50,269.31 2 1
github.com/ims-erp/system/internal/domain/product.go:269.31,270.24 1 1
github.com/ims-erp/system/internal/domain/product.go:270.24,272.4 1 0
github.com/ims-erp/system/internal/domain/product.go:274.2,275.32 2 1
github.com/ims-erp/system/internal/domain/product.go:278.54,279.26 1 1
github.com/ims-erp/system/internal/domain/product.go:279.26,281.3 1 1
github.com/ims-erp/system/internal/domain/product.go:282.2,282.32 1 1
github.com/ims-erp/system/internal/domain/product.go:285.38,288.2 2 1
github.com/ims-erp/system/internal/domain/product.go:290.41,292.27 2 1
github.com/ims-erp/system/internal/domain/product.go:292.27,293.15 1 1
github.com/ims-erp/system/internal/domain/product.go:293.15,295.4 1 1
github.com/ims-erp/system/internal/domain/product.go:297.2,298.32 2 1
github.com/ims-erp/system/internal/domain/product.go:301.51,304.2 2 1
github.com/ims-erp/system/internal/domain/product.go:306.63,307.25 1 1
github.com/ims-erp/system/internal/domain/product.go:307.25,309.3 1 0
github.com/ims-erp/system/internal/domain/product.go:310.2,311.32 2 1
github.com/ims-erp/system/internal/domain/product.go:314.48,315.33 1 1
github.com/ims-erp/system/internal/domain/product.go:315.33,317.3 1 0
github.com/ims-erp/system/internal/domain/product.go:318.2,318.37 1 1
github.com/ims-erp/system/internal/domain/product.go:318.37,319.33 1 1
github.com/ims-erp/system/internal/domain/product.go:319.33,321.4 1 0
github.com/ims-erp/system/internal/domain/product.go:322.3,322.31 1 1
github.com/ims-erp/system/internal/domain/product.go:324.2,324.60 1 1
github.com/ims-erp/system/internal/domain/product.go:324.60,326.3 1 1
github.com/ims-erp/system/internal/domain/product.go:327.2,327.29 1 1
github.com/ims-erp/system/internal/domain/product.go:349.39,351.2 1 1
github.com/ims-erp/system/internal/domain/user.go:20.36,21.11 1 1
github.com/ims-erp/system/internal/domain/user.go:22.102,23.14 1 1
github.com/ims-erp/system/internal/domain/user.go:25.2,25.14 1 1
github.com/ims-erp/system/internal/domain/user.go:49.94,53.16 3 1
github.com/ims-erp/system/internal/domain/user.go:53.16,55.3 1 0
github.com/ims-erp/system/internal/domain/user.go:57.2,71.8 1 1
github.com/ims-erp/system/internal/domain/user.go:74.53,77.2 2 1
github.com/ims-erp/system/internal/domain/user.go:79.51,81.16 2 1
github.com/ims-erp/system/internal/domain/user.go:81.16,83.3 1 0
github.com/ims-erp/system/internal/domain/user.go:84.2,86.12 3 1
github.com/ims-erp/system/internal/domain/user.go:89.65,94.2 4 1
github.com/ims-erp/system/internal/domain/user.go:96.34,99.2 2 1
github.com/ims-erp/system/internal/domain/user.go:101.37,104.2 2 1
github.com/ims-erp/system/internal/domain/user.go:106.49,111.2 4 1
github.com/ims-erp/system/internal/domain/user.go:113.25,118.2 4 1
github.com/ims-erp/system/internal/domain/user.go:120.32,121.58 1 1
github.com/ims-erp/system/internal/domain/user.go:121.58,123.3 1 1
github.com/ims-erp/system/internal/domain/user.go:124.2,124.37 1 1
github.com/ims-erp/system/internal/domain/user.go:127.30,132.2 4 1
github.com/ims-erp/system/internal/domain/user.go:134.34,136.2 1 1
github.com/ims-erp/system/internal/domain/user.go:138.37,141.2 2 1
github.com/ims-erp/system/internal/domain/user.go:143.43,146.2 2 1
github.com/ims-erp/system/internal/domain/user.go:148.49,149.34 1 1
github.com/ims-erp/system/internal/domain/user.go:149.34,150.22 1 1
github.com/ims-erp/system/internal/domain/user.go:150.22,152.4 1 1
github.com/ims-erp/system/internal/domain/user.go:154.2,155.32 2 1
github.com/ims-erp/system/internal/domain/user.go:158.52,159.34 1 1
github.com/ims-erp/system/internal/domain/user.go:159.34,160.22 1 1
github.com/ims-erp/system/internal/domain/user.go:160.22,164.4 3 1
github.com/ims-erp/system/internal/domain/user.go:168.41,172.2 3 1
github.com/ims-erp/system/internal/domain/user.go:174.29,178.2 3 1
github.com/ims-erp/system/internal/domain/user.go:180.29,183.2 2 1
github.com/ims-erp/system/internal/domain/user.go:185.29,188.2 2 1
github.com/ims-erp/system/internal/domain/user.go:190.26,193.2 2 1
github.com/ims-erp/system/internal/queries/client_queries.go:29.23,36.2 1 0
github.com/ims-erp/system/internal/queries/client_queries.go:78.123,88.75 4 0
github.com/ims-erp/system/internal/queries/client_queries.go:88.75,91.3 2 0
github.com/ims-erp/system/internal/queries/client_queries.go:93.2,99.16 3 0
github.com/ims-erp/system/internal/queries/client_queries.go:99.16,102.3 2 0
github.com/ims-erp/system/internal/queries/client_queries.go:104.2,104.19 1 0
github.com/ims-erp/system/internal/queries/client_queries.go:104.19,106.3 1 0
github.com/ims-erp/system/internal/queries/client_queries.go:108.2,109.9 2 0
github.com/ims-erp/system/internal/queries/client_queries.go:109.9,111.3 1 0
github.com/ims-erp/system/internal/queries/client_queries.go:113.2,115.21 2 0
github.com/ims-erp/system/internal/queries/client_queries.go:118.126,128.81 4 0
github.com/ims-erp/system/internal/queries/client_queries.go:128.81,131.57 3 0
github.com/ims-erp/system/internal/queries/client_queries.go:131.57,133.4 1 0
github.com/ims-erp/system/internal/queries/client_queries.go:136.2,142.16 3 0
github.com/ims-erp/system/internal/queries/client_queries.go:142.16,145.3 2 0
github.com/ims-erp/system/internal/queries/client_queries.go:147.2,147.19 1 0
github.com/ims-erp/system/internal/queries/client_queries.go:147.19,149.3 1 0
github.com/ims-erp/system/internal/queries/client_queries.go:151.2,152.9 2 0
github.com/ims-erp/system/internal/queries/client_queries.go:152.9,154.3 1 0
github.com/ims-erp/system/internal/queries/client_queries.go:156.2,156.57 1 0
github.com/ims-erp/system/internal/queries/client_queries.go:156.57,158.3 1 0
github.com/ims-erp/system/internal/queries/client_queries.go:160.2,160.27 1 0
github.com/ims-erp/system/internal/queries/client_queries.go:163.116,175.81 4 0
github.com/ims-erp/system/internal/queries/client_queries.go:175.81,178.57 3 0
github.com/ims-erp/system/internal/queries/client_queries.go:178.57,180.4 1 0
github.com/ims-erp/system/internal/queries/client_queries.go:183.2,187.24 2 0
github.com/ims-erp/system/internal/queries/client_queries.go:187.24,192.3 1 0
github.com/ims-erp/system/internal/queries/client_queries.go:194.2,194.24 1 0
github.com/ims-erp/system/internal/queries/client_queries.go:194.24,196.3 1 0
github.com/ims-erp/system/internal/queries/client_queries.go:198.2,198.25 1 0
github.com/ims-erp/system/internal/queries/client_queries.go:198.25,202.3 1 0
github.com/ims-erp/system/internal/queries/client_queries.go:204.2,205.16 2 0
github.com/ims-erp/system/internal/queries/client_queries.go:205.16,208.3 2 0
github.com/ims-erp/system/internal/queries/client_queries.go:210.2,211.19 2 0
github.com/ims-erp/system/internal/queries/client_queries.go:211.19,213.3 1 0
github.com/ims-erp/system/internal/queries/client_queries.go:214.2,222.16 4 0
github.com/ims-erp/system/internal/queries/client_queries.go:222.16,225.3 2 0
github.com/ims-erp/system/internal/queries/client_queries.go:227.2,228.28 2 0
github.com/ims-erp/system/internal/queries/client_queries.go:228.28,229.49 1 0
github.com/ims-erp/system/internal/queries/client_queries.go:229.49,231.4 1 0
github.com/ims-erp/system/internal/queries/client_queries.go:234.2,235.29 2 0
github.com/ims-erp/system/internal/queries/client_queries.go:235.29,237.3 1 0
github.com/ims-erp/system/internal/queries/client_queries.go:239.2,247.51 2 0
github.com/ims-erp/system/internal/queries/client_queries.go:247.51,249.3 1 0
github.com/ims-erp/system/internal/queries/client_queries.go:251.2,251.20 1 0
github.com/ims-erp/system/internal/queries/client_queries.go:254.124,264.16 4 0
github.com/ims-erp/system/internal/queries/client_queries.go:264.16,266.3 1 0
github.com/ims-erp/system/internal/queries/client_queries.go:268.2,282.16 4 0
github.com/ims-erp/system/internal/queries/client_queries.go:282.16,285.3 2 0
github.com/ims-erp/system/internal/queries/client_queries.go:287.2,288.28 2 0
github.com/ims-erp/system/internal/queries/client_queries.go:288.28,289.49 1 0
github.com/ims-erp/system/internal/queries/client_queries.go:289.49,291.4 1 0
github.com/ims-erp/system/internal/queries/client_queries.go:294.2,294.21 1 0
github.com/ims-erp/system/internal/queries/client_queries.go:297.144,307.81 4 0
github.com/ims-erp/system/internal/queries/client_queries.go:307.81,310.57 3 0
github.com/ims-erp/system/internal/queries/client_queries.go:310.57,312.4 1 0
github.com/ims-erp/system/internal/queries/client_queries.go:315.2,319.16 2 0
github.com/ims-erp/system/internal/queries/client_queries.go:319.16,321.3 1 0
github.com/ims-erp/system/internal/queries/client_queries.go:322.2,322.19 1 0
github.com/ims-erp/system/internal/queries/client_queries.go:322.19,324.3 1 0
github.com/ims-erp/system/internal/queries/client_queries.go:326.2,338.57 2 0
github.com/ims-erp/system/internal/queries/client_queries.go:338.57,340.3 1 0
github.com/ims-erp/system/internal/queries/client_queries.go:342.2,342.27 1 0
github.com/ims-erp/system/internal/queries/client_queries.go:345.37,346.21 1 1
github.com/ims-erp/system/internal/queries/client_queries.go:346.21,348.3 1 1
github.com/ims-erp/system/internal/queries/client_queries.go:349.2,349.10 1 1
github.com/ims-erp/system/internal/commands/client_commands.go:38.25,45.2 1 0
github.com/ims-erp/system/internal/commands/client_commands.go:58.118,63.16 4 0
github.com/ims-erp/system/internal/commands/client_commands.go:63.16,65.3 1 0
github.com/ims-erp/system/internal/commands/client_commands.go:66.2,66.48 1 0
github.com/ims-erp/system/internal/commands/client_commands.go:66.48,68.3 1 0
github.com/ims-erp/system/internal/commands/client_commands.go:70.2,71.16 2 0
github.com/ims-erp/system/internal/commands/client_commands.go:71.16,73.3 1 0
github.com/ims-erp/system/internal/commands/client_commands.go:75.2,81.45 2 0
github.com/ims-erp/system/internal/commands/client_commands.go:81.45,83.3 1 0
github.com/ims-erp/system/internal/commands/client_commands.go:85.2,85.57 1 0
github.com/ims-erp/system/internal/commands/client_commands.go:85.57,86.67 1 0
github.com/ims-erp/system/internal/commands/client_commands.go:86.67,88.4 1 0
github.com/ims-erp/system/internal/commands/client_commands.go:89.8,91.3 1 0
github.com/ims-erp/system/internal/commands/client_commands.go:93.2,93.80 1 0
github.com/ims-erp/system/internal/commands/client_commands.go:93.80,95.3 1 0
github.com/ims-erp/system/internal/commands/client_commands.go:97.2,97.72 1 0
github.com/ims-erp/system/internal/commands/client_commands.go:97.72,98.38 1 0
github.com/ims-erp/system/internal/commands/client_commands.go:98.38,99.56 1 0
github.com/ims-erp/system/internal/commands/client_commands.go:99.56,101.5 1 0
github.com/ims-erp/system/internal/commands/client_commands.go:105.2,105.50 1 0
github.com/ims-erp/system/internal/commands/client_commands.go:105.50,106.28 1 0
github.com/ims-erp/system/internal/commands/client_commands.go:106.28,107.38 1 0
github.com/ims-erp/system/internal/commands/client_commands.go:107.38,109.5 1 0
github.com/ims-erp/system/internal/commands/client_commands.go:113.2,113.75 1 0
github.com/ims-erp/system/internal/commands/client_commands.go:113.75,114.34 1 0
github.com/ims-erp/system/internal/commands/client_commands.go:114.34,116.4 1 0
github.com/ims-erp/system/internal/commands/client_commands.go:119.2,153.86 3 0
github.com/ims-erp/system/internal/commands/client_commands.go:153.86,155.3 1 0
github.com/ims-erp/system/internal/commands/client_commands.go:157.2,157.61 1 0
github.com/ims-erp/system/internal/commands/client_commands.go:157.61,159.3 1 0
github.com/ims-erp/system/internal/commands/client_commands.go:161.2,161.20 1 0
github.com/ims-erp/system/internal/commands/client_commands.go:164.118,168.20 3 0
github.com/ims-erp/system/internal/commands/client_commands.go:168.20,170.3 1 0
github.com/ims-erp/system/internal/commands/client_commands.go:172.2,173.16 2 0
github.com/ims-erp/system/internal/commands/client_commands.go:173.16,175.3 1 0
github.com/ims-erp/system/internal/commands/client_commands.go:177.2,177.22 1 0
github.com/ims-erp/system/internal/commands/client_commands.go:177.22,179.3 1 0
github.com/ims-erp/system/internal/commands/client_commands.go:181.2,182.27 2 0
github.com/ims-erp/system/internal/commands/client_commands.go:182.27,187.22 4 0
github.com/ims-erp/system/internal/commands/client_commands.go:188.24,194.45 6 0
github.com/ims-erp/system/internal/commands/client_commands.go:195.24,196.52 1 0
github.com/ims-erp/system/internal/commands/client_commands.go:196.52,198.5 1 0
github.com/ims-erp/system/internal/commands/client_commands.go:199.4,199.54 1 0
github.com/ims-erp/system/internal/commands/client_commands.go:199.54,201.5 1 0
github.com/ims-erp/system/internal/commands/client_commands.go:202.4,202.54 1 0
github.com/ims-erp/system/internal/commands/client_commands.go:202.54,204.5 1 0
github.com/ims-erp/system/internal/commands/client_commands.go:205.4,205.34 1 0
github.com/ims-erp/system/internal/commands/client_commands.go:209.2,209.70 1 0
github.com/ims-erp/system/internal/commands/client_commands.go:209.70,211.3 1 0
github.com/ims-erp/system/internal/commands/client_commands.go:213.2,213.43 1 0
github.com/ims-erp/system/internal/commands/client_commands.go:213.43,215.3 1 0
github.com/ims-erp/system/internal/commands/client_commands.go:216.2,216.45 1 0
github.com/ims-erp/system/internal/commands/client_commands.go:216.45,218.3 1 0
github.com/ims-erp/system/internal/commands/client_commands.go:219.2,219.45 1 0
github.com/ims-erp/system/internal/commands/client_commands.go:219.45,221.3 1 0
github.com/ims-erp/system/internal/commands/client_commands.go:223.2,257.86 5 0
github.com/ims-erp/system/internal/commands/client_commands.go:257.86,259.3 1 0
github.com/ims-erp/system/internal/commands/client_commands.go:261.2,261.61 1 0
github.com/ims-erp/system/internal/commands/client_commands.go:261.61,263.3 1 0
github.com/ims-erp/system/internal/commands/client_commands.go:265.2,265.20 1 0
github.com/ims-erp/system/internal/commands/client_commands.go:268.104,272.20 3 0
github.com/ims-erp/system/internal/commands/client_commands.go:272.20,274.3 1 0
github.com/ims-erp/system/internal/commands/client_commands.go:276.2,279.16 3 0
github.com/ims-erp/system/internal/commands/client_commands.go:279.16,281.3 1 0
github.com/ims-erp/system/internal/commands/client_commands.go:283.2,283.22 1 0
github.com/ims-erp/system/internal/commands/client_commands.go:283.22,285.3 1 0
github.com/ims-erp/system/internal/commands/client_commands.go:287.2,288.27 2 0
github.com/ims-erp/system/internal/commands/client_commands.go:288.27,290.3 1 0
github.com/ims-erp/system/internal/commands/client_commands.go:292.2,320.86 3 0
github.com/ims-erp/system/internal/commands/client_commands.go:320.86,322.3 1 0
github.com/ims-erp/system/internal/commands/client_commands.go:324.2,324.61 1 0
github.com/ims-erp/system/internal/commands/client_commands.go:324.61,326.3 1 0
github.com/ims-erp/system/internal/commands/client_commands.go:328.2,328.12 1 0
github.com/ims-erp/system/internal/commands/client_commands.go:331.105,335.20 3 0
github.com/ims-erp/system/internal/commands/client_commands.go:335.20,337.3 1 0
github.com/ims-erp/system/internal/commands/client_commands.go:339.2,341.16 3 0
github.com/ims-erp/system/internal/commands/client_commands.go:341.16,343.3 1 0
github.com/ims-erp/system/internal/commands/client_commands.go:345.2,348.16 3 0
github.com/ims-erp/system/internal/commands/client_commands.go:348.16,350.3 1 0
github.com/ims-erp/system/internal/commands/client_commands.go:352.2,352.22 1 0
github.com/ims-erp/system/internal/commands/client_commands.go:352.22,354.3 1 0
github.com/ims-erp/system/internal/commands/client_commands.go:356.2,357.27 2 0
github.com/ims-erp/system/internal/commands/client_commands.go:357.27,358.37 1 0
github.com/ims-erp/system/internal/commands/client_commands.go:358.37,360.4 1 0
github.com/ims-erp/system/internal/commands/client_commands.go:361.3,361.43 1 0
github.com/ims-erp/system/internal/commands/client_commands.go:361.43,363.4 1 0
github.com/ims-erp/system/internal/commands/client_commands.go:366.2,396.86 3 0
github.com/ims-erp/system/internal/commands/client_commands.go:396.86,398.3 1 0
github.com/ims-erp/system/internal/commands/client_commands.go:400.2,400.61 1 0
github.com/ims-erp/system/internal/commands/client_commands.go:400.61,402.3 1 0
github.com/ims-erp/system/internal/commands/client_commands.go:404.2,404.12 1 0
github.com/ims-erp/system/internal/commands/client_commands.go:407.105,411.20 3 0
github.com/ims-erp/system/internal/commands/client_commands.go:411.20,413.3 1 0
github.com/ims-erp/system/internal/commands/client_commands.go:415.2,416.9 2 0
github.com/ims-erp/system/internal/commands/client_commands.go:416.9,418.3 1 0
github.com/ims-erp/system/internal/commands/client_commands.go:420.2,434.16 4 0
github.com/ims-erp/system/internal/commands/client_commands.go:434.16,436.3 1 0
github.com/ims-erp/system/internal/commands/client_commands.go:438.2,438.22 1 0
github.com/ims-erp/system/internal/commands/client_commands.go:438.22,440.3 1 0
github.com/ims-erp/system/internal/commands/client_commands.go:442.2,459.86 2 0
github.com/ims-erp/system/internal/commands/client_commands.go:459.86,461.3 1 0
github.com/ims-erp/system/internal/commands/client_commands.go:463.2,463.61 1 0
github.com/ims-erp/system/internal/commands/client_commands.go:463.61,465.3 1 0
github.com/ims-erp/system/internal/commands/client_commands.go:467.2,467.12 1 0
github.com/ims-erp/system/internal/commands/client_commands.go:470.100,475.38 4 0
github.com/ims-erp/system/internal/commands/client_commands.go:475.38,477.3 1 0
github.com/ims-erp/system/internal/commands/client_commands.go:479.2,479.26 1 0
github.com/ims-erp/system/internal/commands/client_commands.go:479.26,481.3 1 0
github.com/ims-erp/system/internal/commands/client_commands.go:483.2,496.16 3 0
github.com/ims-erp/system/internal/commands/client_commands.go:496.16,498.3 1 0
github.com/ims-erp/system/internal/commands/client_commands.go:500.2,500.28 1 0
github.com/ims-erp/system/internal/commands/client_commands.go:500.28,502.3 1 0
github.com/ims-erp/system/internal/commands/client_commands.go:504.2,521.86 2 0
github.com/ims-erp/system/internal/commands/client_commands.go:521.86,523.3 1 0
github.com/ims-erp/system/internal/commands/client_commands.go:525.2,525.61 1 0
github.com/ims-erp/system/internal/commands/client_commands.go:525.61,527.3 1 0
github.com/ims-erp/system/internal/commands/client_commands.go:529.2,529.12 1 0
github.com/ims-erp/system/internal/commands/client_commands.go:532.63,540.2 1 0
github.com/ims-erp/system/internal/commands/client_commands.go:542.64,543.37 1 0
github.com/ims-erp/system/internal/commands/client_commands.go:543.37,545.3 1 0
github.com/ims-erp/system/internal/commands/client_commands.go:546.2,546.11 1 0
github.com/ims-erp/system/internal/commands/client_commands.go:549.74,550.37 1 0
github.com/ims-erp/system/internal/commands/client_commands.go:550.37,551.53 1 0
github.com/ims-erp/system/internal/commands/client_commands.go:551.53,553.4 1 0
github.com/ims-erp/system/internal/commands/client_commands.go:555.2,555.21 1 0
github.com/ims-erp/system/internal/commands/commands.go:24.111,36.2 1 1
github.com/ims-erp/system/internal/commands/commands.go:38.84,41.2 2 1
github.com/ims-erp/system/internal/commands/commands.go:43.79,46.2 2 1
github.com/ims-erp/system/internal/commands/commands.go:48.76,49.23 1 1
github.com/ims-erp/system/internal/commands/commands.go:49.23,51.3 1 0
github.com/ims-erp/system/internal/commands/commands.go:52.2,53.10 2 1
github.com/ims-erp/system/internal/commands/commands.go:56.44,58.2 1 1
github.com/ims-erp/system/internal/commands/commands.go:60.52,62.2 1 1
github.com/ims-erp/system/internal/commands/commands.go:64.61,66.51 2 1
github.com/ims-erp/system/internal/commands/commands.go:66.51,68.3 1 0
github.com/ims-erp/system/internal/commands/commands.go:69.2,69.18 1 1
github.com/ims-erp/system/internal/commands/commands.go:78.58,82.2 1 1
github.com/ims-erp/system/internal/commands/commands.go:84.87,86.2 1 1
github.com/ims-erp/system/internal/commands/commands.go:88.88,91.2 2 1
github.com/ims-erp/system/internal/commands/commands.go:93.105,95.9 2 1
github.com/ims-erp/system/internal/commands/commands.go:95.9,97.3 1 1
github.com/ims-erp/system/internal/commands/commands.go:98.2,98.26 1 1
github.com/ims-erp/system/internal/commands/warehouse_commands.go:112.28,119.2 1 1
github.com/ims-erp/system/internal/commands/warehouse_commands.go:121.124,123.54 2 1
github.com/ims-erp/system/internal/commands/warehouse_commands.go:123.54,125.3 1 0
github.com/ims-erp/system/internal/commands/warehouse_commands.go:127.2,128.16 2 1
github.com/ims-erp/system/internal/commands/warehouse_commands.go:128.16,130.3 1 0
github.com/ims-erp/system/internal/commands/warehouse_commands.go:132.2,133.30 2 1
github.com/ims-erp/system/internal/commands/warehouse_commands.go:133.30,135.3 1 1
github.com/ims-erp/system/internal/commands/warehouse_commands.go:137.2,145.63 8 1
github.com/ims-erp/system/internal/commands/warehouse_commands.go:145.63,147.3 1 0
github.com/ims-erp/system/internal/commands/warehouse_commands.go:149.2,150.74 2 1
github.com/ims-erp/system/internal/commands/warehouse_commands.go:150.74,152.3 1 0
github.com/ims-erp/system/internal/commands/warehouse_commands.go:154.2,158.8 1 1
github.com/ims-erp/system/internal/commands/warehouse_commands.go:161.124,163.54 2 1
github.com/ims-erp/system/internal/commands/warehouse_commands.go:163.54,165.3 1 0
github.com/ims-erp/system/internal/commands/warehouse_commands.go:167.2,168.16 2 1
github.com/ims-erp/system/internal/commands/warehouse_commands.go:168.16,170.3 1 0
github.com/ims-erp/system/internal/commands/warehouse_commands.go:172.2,173.16 2 1
github.com/ims-erp/system/internal/commands/warehouse_commands.go:173.16,175.3 1 0
github.com/ims-erp/system/internal/commands/warehouse_commands.go:177.2,177.36 1 1
github.com/ims-erp/system/internal/commands/warehouse_commands.go:177.36,179.3 1 0
github.com/ims-erp/system/internal/commands/warehouse_commands.go:181.2,181.23 1 1
github.com/ims-erp/system/internal/commands/warehouse_commands.go:181.23,183.3 1 1
github.com/ims-erp/system/internal/commands/warehouse_commands.go:184.2,184.26 1 1
github.com/ims-erp/system/internal/commands/warehouse_commands.go:184.26,186.3 1 0
github.com/ims-erp/system/internal/commands/warehouse_commands.go:187.2,187.27 1 1
github.com/ims-erp/system/internal/commands/warehouse_commands.go:187.27,188.62 1 1
github.com/ims-erp/system/internal/commands/warehouse_commands.go:188.62,190.4 1 1
github.com/ims-erp/system/internal/commands/warehouse_commands.go:191.3,191.39 1 1
github.com/ims-erp/system/internal/commands/warehouse_commands.go:193.2,193.28 1 1
github.com/ims-erp/system/internal/commands/warehouse_commands.go:193.28,195.3 1 0
github.com/ims-erp/system/internal/commands/warehouse_commands.go:196.2,196.31 1 1
github.com/ims-erp/system/internal/commands/warehouse_commands.go:196.31,198.3 1 0
github.com/ims-erp/system/internal/commands/warehouse_commands.go:199.2,199.31 1 1
github.com/ims-erp/system/internal/commands/warehouse_commands.go:199.31,201.3 1 0
github.com/ims-erp/system/internal/commands/warehouse_commands.go:202.2,202.33 1 1
github.com/ims-erp/system/internal/commands/warehouse_commands.go:202.33,204.3 1 0
github.com/ims-erp/system/internal/commands/warehouse_commands.go:206.2,206.63 1 1
github.com/ims-erp/system/internal/commands/warehouse_commands.go:206.63,208.3 1 0
github.com/ims-erp/system/internal/commands/warehouse_commands.go:210.2,211.74 2 1
github.com/ims-erp/system/internal/commands/warehouse_commands.go:211.74,213.3 1 0
github.com/ims-erp/system/internal/commands/warehouse_commands.go:215.2,219.8 1 1
github.com/ims-erp/system/internal/commands/warehouse_commands.go:222.126,224.54 2 1
github.com/ims-erp/system/internal/commands/warehouse_commands.go:224.54,226.3 1 0
github.com/ims-erp/system/internal/commands/warehouse_commands.go:228.2,229.16 2 1
github.com/ims-erp/system/internal/commands/warehouse_commands.go:229.16,231.3 1 0
github.com/ims-erp/system/internal/commands/warehouse_commands.go:233.2,234.16 2 1
github.com/ims-erp/system/internal/commands/warehouse_commands.go:234.16,236.3 1 1
github.com/ims-erp/system/internal/commands/warehouse_commands.go:238.2,238.36 1 1
github.com/ims-erp/system/internal/commands/warehouse_commands.go:238.36,240.3 1 0
github.com/ims-erp/system/internal/commands/warehouse_commands.go:242.2,242.77 1 1
github.com/ims-erp/system/internal/commands/warehouse_commands.go:242.77,244.3 1 0
github.com/ims-erp/system/internal/commands/warehouse_commands.go:246.2,248.63 2 1
github.com/ims-erp/system/internal/commands/warehouse_commands.go:248.63,250.3 1 0
github.com/ims-erp/system/internal/commands/warehouse_commands.go:252.2,253.74 2 1
github.com/ims-erp/system/internal/commands/warehouse_commands.go:253.74,255.3 1 0
github.com/ims-erp/system/internal/commands/warehouse_commands.go:257.2,261.8 1 1
github.com/ims-erp/system/internal/commands/warehouse_commands.go:264.128,266.54 2 1
github.com/ims-erp/system/internal/commands/warehouse_commands.go:266.54,268.3 1 0
github.com/ims-erp/system/internal/commands/warehouse_commands.go:270.2,271.16 2 1
github.com/ims-erp/system/internal/commands/warehouse_commands.go:271.16,273.3 1 0
github.com/ims-erp/system/internal/commands/warehouse_commands.go:275.2,276.16 2 1
github.com/ims-erp/system/internal/commands/warehouse_commands.go:276.16,278.3 1 1
github.com/ims-erp/system/internal/commands/warehouse_commands.go:280.2,280.36 1 1
github.com/ims-erp/system/internal/commands/warehouse_commands.go:280.36,282.3 1 0
github.com/ims-erp/system/internal/commands/warehouse_commands.go:284.2,285.16 2 1
github.com/ims-erp/system/internal/commands/warehouse_commands.go:285.16,287.3 1 0
github.com/ims-erp/system/internal/commands/warehouse_commands.go:289.2,290.32 2 1
github.com/ims-erp/system/internal/commands/warehouse_commands.go:290.32,291.19 1 1
github.com/ims-erp/system/internal/commands/warehouse_commands.go:291.19,293.4 1 1
github.com/ims-erp/system/internal/commands/warehouse_commands.go:296.2,296.25 1 1
github.com/ims-erp/system/internal/commands/warehouse_commands.go:296.25,298.3 1 1
github.com/ims-erp/system/internal/commands/warehouse_commands.go:300.2,302.63 2 1
github.com/ims-erp/system/internal/commands/warehouse_commands.go:302.63,304.3 1 0
github.com/ims-erp/system/internal/commands/warehouse_commands.go:306.2,307.74 2 1
github.com/ims-erp/system/internal/commands/warehouse_commands.go:307.74,309.3 1 0
github.com/ims-erp/system/internal/commands/warehouse_commands.go:311.2,315.8 1 1
github.com/ims-erp/system/internal/commands/warehouse_commands.go:318.123,320.54 2 1
github.com/ims-erp/system/internal/commands/warehouse_commands.go:320.54,322.3 1 0
github.com/ims-erp/system/internal/commands/warehouse_commands.go:324.2,325.16 2 1
github.com/ims-erp/system/internal/commands/warehouse_commands.go:325.16,327.3 1 0
github.com/ims-erp/system/internal/commands/warehouse_commands.go:329.2,330.16 2 1
github.com/ims-erp/system/internal/commands/warehouse_commands.go:330.16,332.3 1 0
github.com/ims-erp/system/internal/commands/warehouse_commands.go:334.2,334.36 1 1
github.com/ims-erp/system/internal/commands/warehouse_commands.go:334.36,336.3 1 0
github.com/ims-erp/system/internal/commands/warehouse_commands.go:338.2,338.82 1 1
github.com/ims-erp/system/internal/commands/warehouse_commands.go:338.82,340.3 1 1
github.com/ims-erp/system/internal/commands/warehouse_commands.go:342.2,343.39 2 1
github.com/ims-erp/system/internal/commands/warehouse_commands.go:343.39,345.3 1 0
github.com/ims-erp/system/internal/commands/warehouse_commands.go:347.2,366.61 3 1
github.com/ims-erp/system/internal/commands/warehouse_commands.go:366.61,368.3 1 0
github.com/ims-erp/system/internal/commands/warehouse_commands.go:370.2,371.74 2 1
github.com/ims-erp/system/internal/commands/warehouse_commands.go:371.74,373.3 1 0
github.com/ims-erp/system/internal/commands/warehouse_commands.go:375.2,379.8 1 1
github.com/ims-erp/system/internal/commands/warehouse_commands.go:382.133,384.54 2 1
github.com/ims-erp/system/internal/commands/warehouse_commands.go:384.54,386.3 1 0
github.com/ims-erp/system/internal/commands/warehouse_commands.go:388.2,389.16 2 1
github.com/ims-erp/system/internal/commands/warehouse_commands.go:389.16,391.3 1 0
github.com/ims-erp/system/internal/commands/warehouse_commands.go:393.2,394.16 2 1
github.com/ims-erp/system/internal/commands/warehouse_commands.go:394.16,396.3 1 0
github.com/ims-erp/system/internal/commands/warehouse_commands.go:398.2,399.30 2 1
github.com/ims-erp/system/internal/commands/warehouse_commands.go:399.30,401.3 1 1
github.com/ims-erp/system/internal/commands/warehouse_commands.go:403.2,407.16 2 1
github.com/ims-erp/system/internal/commands/warehouse_commands.go:407.16,409.3 1 0
github.com/ims-erp/system/internal/commands/warehouse_commands.go:411.2,414.40 3 1
github.com/ims-erp/system/internal/commands/warehouse_commands.go:414.40,424.3 2 1
github.com/ims-erp/system/internal/commands/warehouse_commands.go:426.2,426.63 1 1
github.com/ims-erp/system/internal/commands/warehouse_commands.go:426.63,428.3 1 0
github.com/ims-erp/system/internal/commands/warehouse_commands.go:430.2,431.74 2 1
github.com/ims-erp/system/internal/commands/warehouse_commands.go:431.74,433.3 1 0
github.com/ims-erp/system/internal/commands/warehouse_commands.go:435.2,439.8 1 1
github.com/ims-erp/system/internal/commands/warehouse_commands.go:442.132,444.54 2 1
github.com/ims-erp/system/internal/commands/warehouse_commands.go:444.54,446.3 1 0
github.com/ims-erp/system/internal/commands/warehouse_commands.go:448.2,449.16 2 1
github.com/ims-erp/system/internal/commands/warehouse_commands.go:449.16,451.3 1 1
github.com/ims-erp/system/internal/commands/warehouse_commands.go:453.2,453.35 1 1
github.com/ims-erp/system/internal/commands/warehouse_commands.go:453.35,455.3 1 1
github.com/ims-erp/system/internal/commands/warehouse_commands.go:457.2,459.63 2 1
github.com/ims-erp/system/internal/commands/warehouse_commands.go:459.63,461.3 1 0
github.com/ims-erp/system/internal/commands/warehouse_commands.go:463.2,464.74 2 1
github.com/ims-erp/system/internal/commands/warehouse_commands.go:464.74,466.3 1 0
github.com/ims-erp/system/internal/commands/warehouse_commands.go:468.2,472.8 1 1
github.com/ims-erp/system/internal/commands/warehouse_commands.go:475.135,477.54 2 1
github.com/ims-erp/system/internal/commands/warehouse_commands.go:477.54,479.3 1 0
github.com/ims-erp/system/internal/commands/warehouse_commands.go:481.2,482.16 2 1
github.com/ims-erp/system/internal/commands/warehouse_commands.go:482.16,484.3 1 1
github.com/ims-erp/system/internal/commands/warehouse_commands.go:486.2,486.49 1 1
github.com/ims-erp/system/internal/commands/warehouse_commands.go:486.49,487.86 1 1
github.com/ims-erp/system/internal/commands/warehouse_commands.go:487.86,489.4 1 0
github.com/ims-erp/system/internal/commands/warehouse_commands.go:492.2,492.28 1 1
github.com/ims-erp/system/internal/commands/warehouse_commands.go:492.28,494.3 1 1
github.com/ims-erp/system/internal/commands/warehouse_commands.go:496.2,496.63 1 1
github.com/ims-erp/system/internal/commands/warehouse_commands.go:496.63,498.3 1 0
github.com/ims-erp/system/internal/commands/warehouse_commands.go:500.2,501.74 2 1
github.com/ims-erp/system/internal/commands/warehouse_commands.go:501.74,503.3 1 0
github.com/ims-erp/system/internal/commands/warehouse_commands.go:505.2,509.8 1 1
github.com/ims-erp/system/internal/commands/warehouse_commands.go:512.133,514.54 2 1
github.com/ims-erp/system/internal/commands/warehouse_commands.go:514.54,516.3 1 0
github.com/ims-erp/system/internal/commands/warehouse_commands.go:518.2,519.16 2 1
github.com/ims-erp/system/internal/commands/warehouse_commands.go:519.16,521.3 1 1
github.com/ims-erp/system/internal/commands/warehouse_commands.go:523.2,523.72 1 1
github.com/ims-erp/system/internal/commands/warehouse_commands.go:523.72,525.3 1 1
github.com/ims-erp/system/internal/commands/warehouse_commands.go:527.2,529.63 2 1
github.com/ims-erp/system/internal/commands/warehouse_commands.go:529.63,531.3 1 0
github.com/ims-erp/system/internal/commands/warehouse_commands.go:533.2,534.74 2 1
github.com/ims-erp/system/internal/commands/warehouse_commands.go:534.74,536.3 1 0
github.com/ims-erp/system/internal/commands/warehouse_commands.go:538.2,542.8 1 1
github.com/ims-erp/system/internal/commands/warehouse_commands.go:545.66,547.16 2 1
github.com/ims-erp/system/internal/commands/warehouse_commands.go:547.16,549.3 1 0
github.com/ims-erp/system/internal/commands/warehouse_commands.go:550.2,550.32 1 1
github.com/ims-erp/system/internal/events/client_events.go:26.23,33.2 1 0
github.com/ims-erp/system/internal/events/client_events.go:35.99,58.66 4 0
github.com/ims-erp/system/internal/events/client_events.go:58.66,61.3 2 0
github.com/ims-erp/system/internal/events/client_events.go:63.2,87.65 2 0
github.com/ims-erp/system/internal/events/client_events.go:87.65,90.3 2 0
github.com/ims-erp/system/internal/events/client_events.go:92.2,98.12 2 0
github.com/ims-erp/system/internal/events/client_events.go:101.99,132.69 5 0
github.com/ims-erp/system/internal/events/client_events.go:132.69,135.3 2 0
github.com/ims-erp/system/internal/events/client_events.go:137.2,145.12 4 0
github.com/ims-erp/system/internal/events/client_events.go:148.103,179.69 6 0
github.com/ims-erp/system/internal/events/client_events.go:179.69,182.3 2 0
github.com/ims-erp/system/internal/events/client_events.go:184.2,193.12 4 0
github.com/ims-erp/system/internal/events/client_events.go:196.105,225.69 5 0
github.com/ims-erp/system/internal/events/client_events.go:225.69,228.3 2 0
github.com/ims-erp/system/internal/events/client_events.go:230.2,239.12 4 0
github.com/ims-erp/system/internal/events/client_events.go:242.104,272.69 6 0
github.com/ims-erp/system/internal/events/client_events.go:272.69,275.3 2 0
github.com/ims-erp/system/internal/events/client_events.go:277.2,279.12 2 0
github.com/ims-erp/system/internal/events/client_events.go:282.99,314.69 7 0
github.com/ims-erp/system/internal/events/client_events.go:314.69,317.3 2 0
github.com/ims-erp/system/internal/events/client_events.go:319.2,328.12 5 0
github.com/ims-erp/system/internal/events/client_events.go:382.64,383.37 1 0
github.com/ims-erp/system/internal/events/client_events.go:383.37,385.3 1 0
github.com/ims-erp/system/internal/events/client_events.go:386.2,386.11 1 0
github.com/ims-erp/system/internal/events/client_events.go:389.65,390.37 1 0
github.com/ims-erp/system/internal/events/client_events.go:390.37,392.3 1 0
github.com/ims-erp/system/internal/events/client_events.go:393.2,393.12 1 0
github.com/ims-erp/system/internal/events/client_events.go:396.71,397.44 1 0
github.com/ims-erp/system/internal/events/client_events.go:397.44,399.26 2 0
github.com/ims-erp/system/internal/events/client_events.go:399.26,400.34 1 0
github.com/ims-erp/system/internal/events/client_events.go:400.34,402.5 1 0
github.com/ims-erp/system/internal/events/client_events.go:404.3,404.16 1 0
github.com/ims-erp/system/internal/events/client_events.go:406.2,406.12 1 0
github.com/ims-erp/system/internal/events/client_events.go:409.73,410.53 1 0
github.com/ims-erp/system/internal/events/client_events.go:410.53,418.3 1 0
github.com/ims-erp/system/internal/events/client_events.go:419.2,419.25 1 0
github.com/ims-erp/system/internal/events/client_events.go:422.80,423.44 1 0
github.com/ims-erp/system/internal/events/client_events.go:423.44,425.26 2 0
github.com/ims-erp/system/internal/events/client_events.go:425.26,426.50 1 0
github.com/ims-erp/system/internal/events/client_events.go:426.50,428.5 1 0
github.com/ims-erp/system/internal/events/client_events.go:430.3,430.16 1 0
github.com/ims-erp/system/internal/events/client_events.go:432.2,432.12 1 0
github.com/ims-erp/system/internal/events/client_events.go:435.77,436.53 1 0
github.com/ims-erp/system/internal/events/client_events.go:436.53,438.3 1 0
github.com/ims-erp/system/internal/events/client_events.go:439.2,439.12 1 0
github.com/ims-erp/system/internal/events/events.go:30.123,44.2 1 1
github.com/ims-erp/system/internal/events/events.go:46.80,49.2 2 1
github.com/ims-erp/system/internal/events/events.go:51.76,54.2 2 1
github.com/ims-erp/system/internal/events/events.go:56.72,57.23 1 1
github.com/ims-erp/system/internal/events/events.go:57.23,59.3 1 0
github.com/ims-erp/system/internal/events/events.go:60.2,61.10 2 1
github.com/ims-erp/system/internal/events/events.go:64.44,66.2 1 1
github.com/ims-erp/system/internal/events/events.go:68.42,70.2 1 1
github.com/ims-erp/system/internal/events/events.go:72.50,74.2 1 1
github.com/ims-erp/system/internal/events/events.go:76.57,78.53 2 1
github.com/ims-erp/system/internal/events/events.go:78.53,80.3 1 0
github.com/ims-erp/system/internal/events/events.go:81.2,81.20 1 1
github.com/ims-erp/system/internal/events/events.go:90.54,94.2 1 1
github.com/ims-erp/system/internal/events/events.go:96.81,98.2 1 1
github.com/ims-erp/system/internal/events/events.go:100.77,102.2 1 1
github.com/ims-erp/system/internal/events/events.go:104.90,107.35 3 1
github.com/ims-erp/system/internal/events/events.go:107.35,108.45 1 1
github.com/ims-erp/system/internal/events/events.go:108.45,110.4 1 1
github.com/ims-erp/system/internal/events/events.go:112.2,112.15 1 1
github.com/ims-erp/system/internal/events/events.go:133.51,133.73 1 1
github.com/ims-erp/system/internal/events/events.go:134.51,134.75 1 1
github.com/ims-erp/system/internal/events/events.go:135.51,135.72 1 1
github.com/ims-erp/system/internal/events/events.go:136.51,136.70 1 1
github.com/ims-erp/system/internal/events/events.go:137.51,137.73 1 1
github.com/ims-erp/system/internal/events/events.go:138.51,138.68 1 1
github.com/ims-erp/system/internal/events/events.go:140.78,149.2 1 1
github.com/ims-erp/system/internal/events/events.go:151.68,154.2 2 1
github.com/ims-erp/system/internal/events/events.go:156.49,168.2 1 1
github.com/ims-erp/system/internal/events/warehouse_events.go:13.98,32.2 2 1
github.com/ims-erp/system/internal/events/warehouse_events.go:38.98,55.2 2 0
github.com/ims-erp/system/internal/events/warehouse_events.go:61.102,71.2 2 1
github.com/ims-erp/system/internal/events/warehouse_events.go:77.106,87.2 2 1
github.com/ims-erp/system/internal/events/warehouse_events.go:93.103,113.2 2 1
github.com/ims-erp/system/internal/events/warehouse_events.go:119.103,133.2 2 0
github.com/ims-erp/system/internal/events/warehouse_events.go:139.125,156.2 2 1
github.com/ims-erp/system/internal/events/warehouse_events.go:162.125,175.2 2 1
github.com/ims-erp/system/internal/events/warehouse_events.go:181.129,183.32 2 1
github.com/ims-erp/system/internal/events/warehouse_events.go:183.32,185.3 1 1
github.com/ims-erp/system/internal/events/warehouse_events.go:187.2,188.39 2 1
github.com/ims-erp/system/internal/events/warehouse_events.go:188.39,189.33 1 0
github.com/ims-erp/system/internal/events/warehouse_events.go:189.33,191.4 1 0
github.com/ims-erp/system/internal/events/warehouse_events.go:194.2,208.50 2 1
github.com/ims-erp/system/internal/events/warehouse_events.go:215.129,229.2 2 1
github.com/ims-erp/system/internal/events/warehouse_events.go:235.101,252.2 2 1
github.com/ims-erp/system/internal/events/warehouse_events.go:258.128,273.2 2 0
github.com/ims-erp/system/internal/events/warehouse_events.go:279.115,295.2 2 0
github.com/ims-erp/system/internal/events/warehouse_events.go:301.136,319.2 2 1
github.com/ims-erp/system/internal/events/warehouse_events.go:325.130,343.2 2 1
github.com/ims-erp/system/internal/events/warehouse_events.go:349.111,366.2 2 1
github.com/ims-erp/system/internal/events/warehouse_events.go:372.119,391.2 2 0
